INFO  11:07:11 Application started. Press Ctrl+C to shut down.
INFO  11:07:11 Application started. Press Ctrl+C to shut down.
INFO  11:07:11 Hosting environment: Development
INFO  11:07:11 Hosting environment: Development
INFO  11:07:11 Content root path: C:\Users\sairo\source\repos\Solution3\AuthService
INFO  11:07:11 Content root path: C:\Users\sairo\source\repos\Solution3\AuthService
INFO  11:07:43  login method is run
INFO  11:07:45  token is obtained
INFO  08:53:53 Application started. Press Ctrl+C to shut down.
INFO  08:53:53 Application started. Press Ctrl+C to shut down.
INFO  08:53:53 Hosting environment: Development
INFO  08:53:53 Hosting environment: Development
INFO  08:53:53 Content root path: C:\Users\sairo\source\repos\Solution3\AuthService
INFO  08:53:53 Content root path: C:\Users\sairo\source\repos\Solution3\AuthService
INFO  08:54:29  login method is run
INFO  08:54:34  token is obtained
INFO  11:35:03 Application started. Press Ctrl+C to shut down.
INFO  11:35:03 Application started. Press Ctrl+C to shut down.
INFO  11:35:03 Hosting environment: Development
INFO  11:35:03 Hosting environment: Development
INFO  11:35:03 Content root path: C:\Users\sairo\source\repos\Solution3\AuthService
INFO  11:35:03 Content root path: C:\Users\sairo\source\repos\Solution3\AuthService
INFO  11:35:27  login method is run
INFO  11:35:29  token is obtained
INFO  12:52:05 Application started. Press Ctrl+C to shut down.
INFO  12:52:05 Application started. Press Ctrl+C to shut down.
INFO  12:52:05 Hosting environment: Development
INFO  12:52:05 Hosting environment: Development
INFO  12:52:05 Content root path: C:\Users\sairo\source\repos\Solution3\AuthService
INFO  12:52:05 Content root path: C:\Users\sairo\source\repos\Solution3\AuthService
INFO  12:54:11 Application started. Press Ctrl+C to shut down.
INFO  12:54:11 Application started. Press Ctrl+C to shut down.
INFO  12:54:11 Hosting environment: Development
INFO  12:54:11 Hosting environment: Development
INFO  12:54:11 Content root path: C:\Users\sairo\source\repos\Solution3\AuthService
INFO  12:54:11 Content root path: C:\Users\sairo\source\repos\Solution3\AuthService
INFO  12:54:34  login method is run
INFO  12:54:39  token is obtained
INFO  01:49:57 Application started. Press Ctrl+C to shut down.
INFO  01:49:57 Application started. Press Ctrl+C to shut down.
INFO  01:49:57 Hosting environment: Development
INFO  01:49:57 Hosting environment: Development
INFO  01:49:57 Content root path: C:\Users\sairo\source\repos\Solution3\AuthService
INFO  01:49:57 Content root path: C:\Users\sairo\source\repos\Solution3\AuthService
INFO  01:50:28  login method is run
INFO  01:50:31  token is obtained
INFO  11:13:29 Application started. Press Ctrl+C to shut down.
INFO  11:13:29 Application started. Press Ctrl+C to shut down.
INFO  11:13:29 Hosting environment: Development
INFO  11:13:29 Hosting environment: Development
INFO  11:13:29 Content root path: C:\Users\sairo\source\repos\Solution3\AuthService
INFO  11:13:29 Content root path: C:\Users\sairo\source\repos\Solution3\AuthService
INFO  11:29:29 Application started. Press Ctrl+C to shut down.
INFO  11:29:29 Application started. Press Ctrl+C to shut down.
INFO  11:29:29 Hosting environment: Development
INFO  11:29:29 Hosting environment: Development
INFO  11:29:29 Content root path: C:\Users\sairo\source\repos\Solution3\AuthService
INFO  11:29:29 Content root path: C:\Users\sairo\source\repos\Solution3\AuthService
INFO  11:31:33  login method is run
INFO  11:31:37  token is obtained
INFO  11:49:17 Application started. Press Ctrl+C to shut down.
INFO  11:49:17 Application started. Press Ctrl+C to shut down.
INFO  11:49:17 Hosting environment: Development
INFO  11:49:17 Hosting environment: Development
INFO  11:49:17 Content root path: C:\Users\sairo\source\repos\Solution3\AuthService
INFO  11:49:17 Content root path: C:\Users\sairo\source\repos\Solution3\AuthService
INFO  11:50:31  login method is run
INFO  11:50:33  login method is run
INFO  11:58:52 Application started. Press Ctrl+C to shut down.
INFO  11:58:52 Application started. Press Ctrl+C to shut down.
INFO  11:58:53 Hosting environment: Development
INFO  11:58:53 Hosting environment: Development
INFO  11:58:53 Content root path: C:\Users\sairo\source\repos\Solution3\AuthService
INFO  11:58:53 Content root path: C:\Users\sairo\source\repos\Solution3\AuthService
INFO  12:03:30  login method is run
INFO  12:25:29 Application started. Press Ctrl+C to shut down.
INFO  12:25:29 Application started. Press Ctrl+C to shut down.
INFO  12:25:29 Hosting environment: Development
INFO  12:25:29 Hosting environment: Development
INFO  12:25:29 Content root path: C:\Users\sairo\source\repos\Solution3\AuthService
INFO  12:25:29 Content root path: C:\Users\sairo\source\repos\Solution3\AuthService
INFO  12:27:04  login method is run
INFO  12:45:39 Application started. Press Ctrl+C to shut down.
INFO  12:45:39 Application started. Press Ctrl+C to shut down.
INFO  12:45:39 Hosting environment: Development
INFO  12:45:39 Hosting environment: Development
INFO  12:45:39 Content root path: C:\Users\sairo\source\repos\Solution3\AuthService
INFO  12:45:39 Content root path: C:\Users\sairo\source\repos\Solution3\AuthService
INFO  12:49:24  login method is run
INFO  11:14:55 Application started. Press Ctrl+C to shut down.
INFO  11:14:55 Application started. Press Ctrl+C to shut down.
INFO  11:14:55 Hosting environment: Development
INFO  11:14:55 Hosting environment: Development
INFO  11:14:55 Content root path: C:\Users\sairo\source\repos\Solution3\AuthService
INFO  11:14:55 Content root path: C:\Users\sairo\source\repos\Solution3\AuthService
INFO  11:17:15  login method is run
INFO  11:20:36 Application started. Press Ctrl+C to shut down.
INFO  11:20:36 Application started. Press Ctrl+C to shut down.
INFO  11:20:36 Hosting environment: Development
INFO  11:20:36 Hosting environment: Development
INFO  11:20:36 Content root path: C:\Users\sairo\source\repos\Solution3\AuthService
INFO  11:20:36 Content root path: C:\Users\sairo\source\repos\Solution3\AuthService
INFO  11:25:07  login method is run
INFO  11:36:40 Application started. Press Ctrl+C to shut down.
INFO  11:36:40 Application started. Press Ctrl+C to shut down.
INFO  11:36:40 Hosting environment: Development
INFO  11:36:40 Hosting environment: Development
INFO  11:36:40 Content root path: C:\Users\sairo\source\repos\Solution3\AuthService
INFO  11:36:40 Content root path: C:\Users\sairo\source\repos\Solution3\AuthService
INFO  11:40:10  login method is run
INFO  11:49:16 Application started. Press Ctrl+C to shut down.
INFO  11:49:16 Application started. Press Ctrl+C to shut down.
INFO  11:49:16 Hosting environment: Development
INFO  11:49:16 Hosting environment: Development
INFO  11:49:16 Content root path: C:\Users\sairo\source\repos\Solution3\AuthService
INFO  11:49:16 Content root path: C:\Users\sairo\source\repos\Solution3\AuthService
INFO  11:51:15  login method is run
INFO  11:56:35 Application started. Press Ctrl+C to shut down.
INFO  11:56:35 Application started. Press Ctrl+C to shut down.
INFO  11:56:35 Hosting environment: Development
INFO  11:56:35 Hosting environment: Development
INFO  11:56:35 Content root path: C:\Users\sairo\source\repos\Solution3\AuthService
INFO  11:56:35 Content root path: C:\Users\sairo\source\repos\Solution3\AuthService
INFO  11:57:37  login method is run
INFO  11:58:11 Application started. Press Ctrl+C to shut down.
INFO  11:58:11 Application started. Press Ctrl+C to shut down.
INFO  11:58:11 Hosting environment: Development
INFO  11:58:11 Hosting environment: Development
INFO  11:58:11 Content root path: C:\Users\sairo\source\repos\Solution3\AuthService
INFO  11:58:11 Content root path: C:\Users\sairo\source\repos\Solution3\AuthService
INFO  11:59:01  login method is run
INFO  12:37:09 Application started. Press Ctrl+C to shut down.
INFO  12:37:09 Application started. Press Ctrl+C to shut down.
INFO  12:37:09 Hosting environment: Development
INFO  12:37:09 Hosting environment: Development
INFO  12:37:09 Content root path: C:\Users\sairo\source\repos\Solution3\AuthService
INFO  12:37:09 Content root path: C:\Users\sairo\source\repos\Solution3\AuthService
INFO  12:37:35  login method is run
INFO  12:37:45 Login credential matched
INFO  12:47:36 Application started. Press Ctrl+C to shut down.
INFO  12:47:36 Application started. Press Ctrl+C to shut down.
INFO  12:47:36 Hosting environment: Development
INFO  12:47:36 Hosting environment: Development
INFO  12:47:36 Content root path: C:\Users\sairo\source\repos\Solution3\AuthService
INFO  12:47:36 Content root path: C:\Users\sairo\source\repos\Solution3\AuthService
INFO  12:58:36 Application started. Press Ctrl+C to shut down.
INFO  12:58:36 Application started. Press Ctrl+C to shut down.
INFO  12:58:36 Hosting environment: Development
INFO  12:58:36 Hosting environment: Development
INFO  12:58:36 Content root path: C:\Users\sairo\source\repos\Solution3\AuthService
INFO  12:58:36 Content root path: C:\Users\sairo\source\repos\Solution3\AuthService
INFO  01:00:40  login method is run
INFO  01:02:38 Login credential matched
INFO  01:13:01 Application started. Press Ctrl+C to shut down.
INFO  01:13:01 Application started. Press Ctrl+C to shut down.
INFO  01:13:01 Hosting environment: Development
INFO  01:13:01 Hosting environment: Development
INFO  01:13:01 Content root path: C:\Users\sairo\source\repos\Solution3\AuthService
INFO  01:13:01 Content root path: C:\Users\sairo\source\repos\Solution3\AuthService
INFO  01:13:34  login method is run
INFO  01:13:37 Login credential matched
INFO  01:17:21  login method is run
INFO  01:17:41 Login credential matched
INFO  01:41:12 Application started. Press Ctrl+C to shut down.
INFO  01:41:12 Application started. Press Ctrl+C to shut down.
INFO  01:41:12 Hosting environment: Development
INFO  01:41:12 Hosting environment: Development
INFO  01:41:12 Content root path: C:\Users\sairo\source\repos\Solution3\AuthService
INFO  01:41:12 Content root path: C:\Users\sairo\source\repos\Solution3\AuthService
INFO  01:41:53  login method is run
INFO  01:42:04 Login credential matched
INFO  01:55:55 Application started. Press Ctrl+C to shut down.
INFO  01:55:55 Application started. Press Ctrl+C to shut down.
INFO  01:55:55 Hosting environment: Development
INFO  01:55:55 Hosting environment: Development
INFO  01:55:55 Content root path: C:\Users\sairo\source\repos\Solution3\AuthService
INFO  01:55:55 Content root path: C:\Users\sairo\source\repos\Solution3\AuthService
INFO  01:57:11  login method is run
INFO  01:57:17 Login credential matched
INFO  02:19:15 Application started. Press Ctrl+C to shut down.
INFO  02:19:15 Application started. Press Ctrl+C to shut down.
INFO  02:19:15 Hosting environment: Development
INFO  02:19:15 Hosting environment: Development
INFO  02:19:15 Content root path: C:\Users\sairo\source\repos\Solution3\AuthService
INFO  02:19:15 Content root path: C:\Users\sairo\source\repos\Solution3\AuthService
INFO  02:20:46  login method is run
INFO  02:20:55 Login credential matched
INFO  02:28:53  login method is run
INFO  02:28:53 Login credential matched
INFO  03:09:45 Application started. Press Ctrl+C to shut down.
INFO  03:09:46 Application started. Press Ctrl+C to shut down.
INFO  03:09:46 Hosting environment: Development
INFO  03:09:46 Hosting environment: Development
INFO  03:09:46 Content root path: C:\Users\sairo\source\repos\Solution3\AuthService
INFO  03:09:46 Content root path: C:\Users\sairo\source\repos\Solution3\AuthService
INFO  03:11:09  login method is run
INFO  03:11:19 Login credential matched
INFO  09:10:26 Application started. Press Ctrl+C to shut down.
INFO  09:10:26 Application started. Press Ctrl+C to shut down.
INFO  09:10:26 Hosting environment: Development
INFO  09:10:26 Hosting environment: Development
INFO  09:10:26 Content root path: C:\Users\sairo\source\repos\Solution3\AuthService
INFO  09:10:26 Content root path: C:\Users\sairo\source\repos\Solution3\AuthService
INFO  09:11:45  login method is run
INFO  09:12:14 Login credential matched
INFO  09:16:59 Application started. Press Ctrl+C to shut down.
INFO  09:16:59 Application started. Press Ctrl+C to shut down.
INFO  09:16:59 Hosting environment: Development
INFO  09:16:59 Hosting environment: Development
INFO  09:16:59 Content root path: C:\Users\sairo\source\repos\Solution3\AuthService
INFO  09:16:59 Content root path: C:\Users\sairo\source\repos\Solution3\AuthService
INFO  09:17:34  login method is run
INFO  09:17:37 Login credential matched
INFO  09:30:24 Application started. Press Ctrl+C to shut down.
INFO  09:30:25 Application started. Press Ctrl+C to shut down.
INFO  09:30:25 Hosting environment: Development
INFO  09:30:25 Hosting environment: Development
INFO  09:30:25 Content root path: C:\Users\sairo\source\repos\Solution3\AuthService
INFO  09:30:25 Content root path: C:\Users\sairo\source\repos\Solution3\AuthService
INFO  09:31:08  login method is run
INFO  09:31:20 Login credential matched
INFO  09:50:06 Application started. Press Ctrl+C to shut down.
INFO  09:50:06 Application started. Press Ctrl+C to shut down.
INFO  09:50:06 Hosting environment: Development
INFO  09:50:06 Hosting environment: Development
INFO  09:50:06 Content root path: C:\Users\sairo\source\repos\Solution3\AuthService
INFO  09:50:06 Content root path: C:\Users\sairo\source\repos\Solution3\AuthService
INFO  09:51:25  login method is run
INFO  09:51:44 Login credential matched
INFO  09:59:21  login method is run
INFO  10:00:23 Login credential matched
INFO  10:07:47 Application started. Press Ctrl+C to shut down.
INFO  10:07:48 Application started. Press Ctrl+C to shut down.
INFO  10:07:48 Hosting environment: Development
INFO  10:07:48 Hosting environment: Development
INFO  10:07:48 Content root path: C:\Users\sairo\source\repos\Solution3\AuthService
INFO  10:07:48 Content root path: C:\Users\sairo\source\repos\Solution3\AuthService
INFO  10:11:03  login method is run
INFO  10:11:17 Login credential matched
INFO  10:31:10 Application started. Press Ctrl+C to shut down.
INFO  10:31:10 Application started. Press Ctrl+C to shut down.
INFO  10:31:10 Hosting environment: Development
INFO  10:31:10 Hosting environment: Development
INFO  10:31:10 Content root path: C:\Users\sairo\source\repos\Solution3\AuthService
INFO  10:31:10 Content root path: C:\Users\sairo\source\repos\Solution3\AuthService
INFO  10:32:31  login method is run
INFO  10:32:40 Login credential matched
INFO  11:28:48 Application started. Press Ctrl+C to shut down.
INFO  11:28:48 Application started. Press Ctrl+C to shut down.
INFO  11:28:48 Hosting environment: Development
INFO  11:28:48 Hosting environment: Development
INFO  11:28:48 Content root path: C:\Users\sairo\source\repos\Solution3\AuthService
INFO  11:28:48 Content root path: C:\Users\sairo\source\repos\Solution3\AuthService
INFO  11:29:28  login method is run
INFO  11:29:38 Login credential matched
INFO  11:44:48 Application started. Press Ctrl+C to shut down.
INFO  11:44:48 Application started. Press Ctrl+C to shut down.
INFO  11:44:48 Hosting environment: Development
INFO  11:44:48 Hosting environment: Development
INFO  11:44:48 Content root path: C:\Users\sairo\source\repos\Solution3\AuthService
INFO  11:44:48 Content root path: C:\Users\sairo\source\repos\Solution3\AuthService
INFO  11:45:48  login method is run
INFO  11:45:58 Login credential matched
INFO  11:48:28  login method is run
INFO  11:48:28 Login credential matched
INFO  12:47:14 Application started. Press Ctrl+C to shut down.
INFO  12:47:14 Application started. Press Ctrl+C to shut down.
INFO  12:47:14 Hosting environment: Development
INFO  12:47:14 Hosting environment: Development
INFO  12:47:14 Content root path: C:\Users\sairo\source\repos\Solution3\AuthService
INFO  12:47:14 Content root path: C:\Users\sairo\source\repos\Solution3\AuthService
INFO  12:48:50  login method is run
INFO  12:49:01 Login credential matched
INFO  12:51:52  login method is run
INFO  12:51:52 Login credential matched
INFO  12:56:29  login method is run
INFO  12:56:30 Login credential matched
INFO  01:01:45  login method is run
INFO  01:01:45 Login credential matched
INFO  01:06:56  login method is run
INFO  01:06:56 Login credential matched
INFO  01:12:19  login method is run
INFO  01:12:19 Login credential matched
INFO  01:16:06  login method is run
INFO  01:16:07 Login credential matched
INFO  06:29:46 Application started. Press Ctrl+C to shut down.
INFO  06:29:46 Application started. Press Ctrl+C to shut down.
INFO  06:29:46 Hosting environment: Development
INFO  06:29:46 Hosting environment: Development
INFO  06:29:46 Content root path: C:\Users\sairo\source\repos\Solution3\AuthService
INFO  06:29:46 Content root path: C:\Users\sairo\source\repos\Solution3\AuthService
INFO  06:35:26  login method is run
INFO  06:35:39 Login credential matched
INFO  07:10:42 Application started. Press Ctrl+C to shut down.
INFO  07:10:42 Application started. Press Ctrl+C to shut down.
INFO  07:10:42 Hosting environment: Development
INFO  07:10:42 Hosting environment: Development
INFO  07:10:42 Content root path: C:\Users\sairo\source\repos\Solution3\AuthService
INFO  07:10:42 Content root path: C:\Users\sairo\source\repos\Solution3\AuthService
INFO  07:12:19  login method is run
INFO  07:12:28 Login credential matched
INFO  07:18:39 Application started. Press Ctrl+C to shut down.
INFO  07:18:39 Application started. Press Ctrl+C to shut down.
INFO  07:18:39 Hosting environment: Development
INFO  07:18:39 Hosting environment: Development
INFO  07:18:39 Content root path: C:\Users\sairo\source\repos\Solution3\AuthService
INFO  07:18:39 Content root path: C:\Users\sairo\source\repos\Solution3\AuthService
INFO  07:25:47  login method is run
INFO  07:25:53 Login credential matched
INFO  07:30:15  login method is run
INFO  07:30:15 Login credential matched
INFO  07:58:13  login method is run
INFO  07:58:17 Login credential matched
INFO  07:58:47  login method is run
INFO  07:58:47 Login credential matched
INFO  08:49:57 Application started. Press Ctrl+C to shut down.
INFO  08:49:57 Application started. Press Ctrl+C to shut down.
INFO  08:49:57 Hosting environment: Development
INFO  08:49:57 Hosting environment: Development
INFO  08:49:58 Content root path: C:\Users\sairo\source\repos\Solution3\AuthService
INFO  08:49:58 Content root path: C:\Users\sairo\source\repos\Solution3\AuthService
INFO  08:50:22  login method is run
INFO  08:50:32 Login credential matched
INFO  11:06:29 Application started. Press Ctrl+C to shut down.
INFO  11:06:30 Application started. Press Ctrl+C to shut down.
INFO  11:06:31 Hosting environment: Development
INFO  11:06:31 Hosting environment: Development
INFO  11:06:31 Content root path: C:\Users\sairo\source\repos\Solution3\AuthService
INFO  11:06:31 Content root path: C:\Users\sairo\source\repos\Solution3\AuthService
INFO  11:08:00  login method is run
INFO  11:08:19 Login credential matched
INFO  11:35:04 Application started. Press Ctrl+C to shut down.
INFO  11:35:04 Application started. Press Ctrl+C to shut down.
INFO  11:35:04 Hosting environment: Development
INFO  11:35:04 Hosting environment: Development
INFO  11:35:04 Content root path: C:\Users\sairo\source\repos\Solution3\AuthService
INFO  11:35:04 Content root path: C:\Users\sairo\source\repos\Solution3\AuthService
INFO  11:40:55  login method is run
INFO  11:41:02 Login credential matched
INFO  11:48:16  login method is run
INFO  11:48:16 Login credential matched
INFO  11:55:12  login method is run
INFO  11:55:12 Login credential matched
INFO  01:16:44 Application started. Press Ctrl+C to shut down.
INFO  01:16:44 Application started. Press Ctrl+C to shut down.
INFO  01:16:44 Hosting environment: Development
INFO  01:16:44 Hosting environment: Development
INFO  01:16:44 Content root path: C:\Users\sairo\source\repos\Solution3\AuthService
INFO  01:16:44 Content root path: C:\Users\sairo\source\repos\Solution3\AuthService
INFO  01:19:11  login method is run
INFO  01:19:24 Login credential matched
INFO  02:18:32 Application started. Press Ctrl+C to shut down.
INFO  02:18:32 Application started. Press Ctrl+C to shut down.
INFO  02:18:32 Hosting environment: Development
INFO  02:18:32 Hosting environment: Development
INFO  02:18:32 Content root path: C:\Users\sairo\source\repos\OnlinePropertyManagementSystem\Solution3\AuthService
INFO  02:18:32 Content root path: C:\Users\sairo\source\repos\OnlinePropertyManagementSystem\Solution3\AuthService
INFO  02:19:09  login method is run
INFO  02:19:20 Login credential matched
INFO  07:04:27 Application started. Press Ctrl+C to shut down.
INFO  07:04:27 Application started. Press Ctrl+C to shut down.
INFO  07:04:27 Hosting environment: Development
INFO  07:04:27 Hosting environment: Development
INFO  07:04:27 Content root path: C:\Users\sairo\source\repos\OnlinePropertyManagementSystem\Solution3\AuthService
INFO  07:04:27 Content root path: C:\Users\sairo\source\repos\OnlinePropertyManagementSystem\Solution3\AuthService
INFO  07:06:25  login method is run
INFO  07:06:37 Login credential matched
INFO  07:11:21 Application started. Press Ctrl+C to shut down.
INFO  07:11:21 Application started. Press Ctrl+C to shut down.
INFO  07:11:21 Hosting environment: Development
INFO  07:11:21 Hosting environment: Development
INFO  07:11:21 Content root path: C:\Users\sairo\source\repos\OnlinePropertyManagementSystem\Solution3\AuthService
INFO  07:11:21 Content root path: C:\Users\sairo\source\repos\OnlinePropertyManagementSystem\Solution3\AuthService
INFO  07:11:55  login method is run
INFO  07:11:58 Login credential matched
INFO  07:14:17 Application started. Press Ctrl+C to shut down.
INFO  07:14:17 Application started. Press Ctrl+C to shut down.
INFO  07:14:17 Hosting environment: Development
INFO  07:14:17 Hosting environment: Development
INFO  07:14:17 Content root path: C:\Users\sairo\source\repos\OnlinePropertyManagementSystem\Solution3\AuthService
INFO  07:14:17 Content root path: C:\Users\sairo\source\repos\OnlinePropertyManagementSystem\Solution3\AuthService
INFO  07:14:37  login method is run
INFO  07:14:40 Login credential matched
INFO  07:28:17 Application started. Press Ctrl+C to shut down.
INFO  07:28:17 Application started. Press Ctrl+C to shut down.
INFO  07:28:17 Hosting environment: Development
INFO  07:28:17 Hosting environment: Development
INFO  07:28:17 Content root path: C:\Users\sairo\source\repos\OnlinePropertyManagementSystem\Solution3\AuthService
INFO  07:28:17 Content root path: C:\Users\sairo\source\repos\OnlinePropertyManagementSystem\Solution3\AuthService
INFO  07:28:42  login method is run
INFO  07:28:49 Login credential matched
INFO  07:30:08  login method is run
INFO  07:30:08 Login credential matched
